11.91 node_modules/cypress/types/chai/index.d.ts(19,1): error TS6200: Definitions of the following identifiers conflict with those in another file: Message, ObjectProperty, ChaiPlugin, AssertionArgs, Operator, OperatorComparable, AssertionError, chai
11.92 node_modules/vite/dist/node/index.d.ts(5,41): error TS2307: Cannot find module 'rollup/parseAst' or its corresponding type declarations.
11.92   There are types at '/frontend/node_modules/rollup/dist/parseAst.d.ts', but this result could not be resolved under your current 'moduleResolution' setting. Consider updating to 'node16', 'nodenext', or 'bundler'.
11.92 node_modules/@vue/compiler-sfc/dist/compiler-sfc.d.ts(10,8): error TS1259: Module '"/frontend/node_modules/typescript/lib/typescript"' can only be default-imported using the 'esModuleInterop' flag
11.92 vite.config.ts(2,8): error TS1259: Module '"path"' can only be default-imported using the 'esModuleInterop' flag
11.92 node_modules/@vitest/expect/dist/chai.d.cts(16,1): error TS6200: Definitions of the following identifiers conflict with those in another file: Message, ObjectProperty, ChaiPlugin, AssertionArgs, Operator, OperatorComparable, AssertionError, chai
11.92 node_modules/@vitest/expect/dist/chai.d.cts(186,9): error TS2717: Subsequent property declarations must have the same type.  Property 'a' must be of type 'TypeComparison', but here has type 'Assertion'.
11.92 node_modules/@vitest/expect/dist/chai.d.cts(187,9): error TS2717: Subsequent property declarations must have the same type.  Property 'an' must be of type 'TypeComparison', but here has type 'Assertion'.
11.92 node_modules/@vitest/expect/dist/chai.d.cts(240,9): error TS2717: Subsequent property declarations must have the same type.  Property 'oneOf' must be of type '(list: readonly any[], message?: string) => Assertion', but here has type 'OneOf'.
11.92 vitest.config.ts(11,41): error TS1343: The 'import.meta' meta-property is only allowed when the '--module' option is 'es2020', 'es2022', 'esnext', 'system', 'node16', or 'nodenext'.
11.92 src/services/pong/interfaces/ITextObject.ts(3,30): error TS2307: Cannot find module 'three/addons/geometries/TextGeometry.js' or its corresponding type declarations.
11.92   There are types at '/frontend/node_modules/@types/three/examples/jsm/geometries/TextGeometry.d.ts', but this result could not be resolved under your current 'moduleResolution' setting. Consider updating to 'node16', 'nodenext', or 'bundler'.
11.92 src/services/pong/Objects/Text/DashedWall.ts(3,30): error TS2307: Cannot find module 'three/addons/geometries/TextGeometry.js' or its corresponding type declarations.
11.92   There are types at '/frontend/node_modules/@types/three/examples/jsm/geometries/TextGeometry.d.ts', but this result could not be resolved under your current 'moduleResolution' setting. Consider updating to 'node16', 'nodenext', or 'bundler'.
11.92 src/services/pong/Objects/Text/DashedWall.ts(9,22): error TS2420: Class 'DashedWall' incorrectly implements interface 'ITextObject'.
11.92   Type 'DashedWall' is missing the following properties from type 'ITextObject': name, size, loadFont
11.92 src/services/pong/Objects/Text/DashedWall.ts(22,22): error TS2345: Argument of type 'string' is not assignable to parameter of type 'number'.
11.92 src/services/pong/Objects/Text/Score.ts(3,30): error TS2307: Cannot find module 'three/addons/geometries/TextGeometry.js' or its corresponding type declarations.
11.92   There are types at '/frontend/node_modules/@types/three/examples/jsm/geometries/TextGeometry.d.ts', but this result could not be resolved under your current 'moduleResolution' setting. Consider updating to 'node16', 'nodenext', or 'bundler'.
11.92 src/services/pong/Objects/Text/Score.ts(9,22): error TS2420: Class 'Score' incorrectly implements interface 'ITextObject'.
11.92   Type 'Score' is missing the following properties from type 'ITextObject': name, size, loadFont
11.92 src/services/pong/Objects/Text/Score.ts(61,9): error TS2365: Operator '>' cannot be applied to types 'number | Promise<number>' and 'number'.
11.92 src/services/pong/Objects/Text/Score.ts(61,26): error TS2365: Operator '<' cannot be applied to types 'number | Promise<number>' and 'number'.
11.92 src/services/pong/Objects/Text/HelpText.ts(3,30): error TS2307: Cannot find module 'three/addons/geometries/TextGeometry.js' or its corresponding type declarations.
11.92   There are types at '/frontend/node_modules/@types/three/examples/jsm/geometries/TextGeometry.d.ts', but this result could not be resolved under your current 'moduleResolution' setting. Consider updating to 'node16', 'nodenext', or 'bundler'.
11.92 src/services/pong/Objects/Text/HelpText.ts(9,18): error TS2304: Cannot find name 'Font'.
11.92 src/services/pong/Objects/Text/HelpText.ts(84,10): error TS2416: Property 'updateScore' in type 'HelpText' is not assignable to the same property in base type 'ITextObject'.
11.92   Type '(endingText: string) => void' is not assignable to type '(numScore: number) => void'.
11.92     Types of parameters 'endingText' and 'numScore' are incompatible.
11.92       Type 'number' is not assignable to type 'string'.
11.92 src/services/pong/Objects/Text/GameOver.ts(3,30): error TS2307: Cannot find module 'three/addons/geometries/TextGeometry.js' or its corresponding type declarations.
11.92   There are types at '/frontend/node_modules/@types/three/examples/jsm/geometries/TextGeometry.d.ts', but this result could not be resolved under your current 'moduleResolution' setting. Consider updating to 'node16', 'nodenext', or 'bundler'.
11.92 src/services/pong/Objects/Text/GameOver.ts(60,10): error TS2416: Property 'updateScore' in type 'Score' is not assignable to the same property in base type 'ITextObject'.
11.92   Type '(endingText: string) => void' is not assignable to type '(numScore: number) => void'.
11.92     Types of parameters 'endingText' and 'numScore' are incompatible.
11.92       Type 'number' is not assignable to type 'string'.
11.92 src/services/pong/Objects/Wall.ts(6,5): error TS2554: Expected 5 arguments, but got 3.
11.92 src/services/pong/Objects/Utils/Utils.ts(29,35): error TS2304: Cannot find name 'Mesh'.
11.92 src/utils/Api/Api.ts(117,7): error TS2698: Spread types may only be created from object types.
11.92 src/views/public/Login.vue(58,13): error TS2613: Module '"/frontend/src/models/user/userRequest"' has no default export. Did you mean to use 'import { userRequest } from "/frontend/src/models/user/userRequest"' instead?
11.92 src/views/public/Login.vue(59,13): error TS2613: Module '"/frontend/src/models/user/userResponse"' has no default export. Did you mean to use 'import { userResponse } from "/frontend/src/models/user/userResponse"' instead?
11.92 src/views/public/Login.vue(67,13): error TS2304: Cannot find name 'Ref'.
11.92 src/views/public/Login.vue(76,48): error TS2558: Expected 0 type arguments, but got 1.
11.92 src/utils/socket/imp/socket.ts(43,10): error TS2416: Property 'send' in type 'Socket' is not assignable to the same property in base type 'ISocket'.
11.92   Type '(username: string, message: string, index: string) => void' is not assignable to type '(useranem: string, message: string, index: number) => void'.
11.92     Types of parameters 'index' and 'index' are incompatible.
11.92       Type 'number' is not assignable to type 'string'.
11.92 src/utils/socket/imp/socket.ts(62,39): error TS2345: Argument of type '(event: Event) => void' is not assignable to parameter of type 'WebsocketEventListener<WebsocketEvent>'.
11.92   Types of parameters 'event' and 'instance' are incompatible.
11.92     Type 'Websocket' is missing the following properties from type 'Event': bubbles, cancelBubble, cancelable, composed, and 18 more.
11.92 src/utils/socket/imp/socket.ts(68,42): error TS2345: Argument of type '(event: Event) => void' is not assignable to parameter of type 'WebsocketEventListener<WebsocketEvent>'.
11.92   Types of parameters 'event' and 'instance' are incompatible.
11.92     Type 'Websocket' is not assignable to type 'Event'.
11.92 src/views/private/NavHome.vue(120,22): error TS2307: Cannot find module '../../services/Api/api' or its corresponding type declarations.
11.92 src/views/private/Pong/PongAI.vue(265,28): error TS2339: Property 'x' does not exist on type 'boolean'.
11.92 src/views/private/Pong/PongAI.vue(266,7): error TS2322: Type 'number' is not assignable to type 'boolean'.
11.92 src/views/private/Pong/PongAI.vue(268,7): error TS2322: Type 'number' is not assignable to type 'boolean'.
11.92 src/views/private/Pong/Pong2P.vue(272,28): error TS2339: Property 'x' does not exist on type 'boolean'.
11.92 src/views/private/Pong/Pong2P.vue(273,7): error TS2322: Type 'number' is not assignable to type 'boolean'.
11.92 src/views/private/Pong/Pong2P.vue(275,7): error TS2322: Type 'number' is not assignable to type 'boolean'.
11.92 src/views/private/Pong/PongTournament4P.vue(216,21): error TS2345: Argument of type 'number[]' is not assignable to parameter of type 'number'.
11.92 src/views/private/Pong/PongTournament4P.vue(217,21): error TS2345: Argument of type 'number[]' is not assignable to parameter of type 'number'.
11.92 src/views/private/Pong/PongTournament4P.vue(305,28): error TS2339: Property 'x' does not exist on type 'boolean'.
11.92 src/views/private/Pong/PongTournament4P.vue(306,7): error TS2322: Type 'number' is not assignable to type 'boolean'.
11.92 src/views/private/Pong/PongTournament4P.vue(308,7): error TS2322: Type 'number' is not assignable to type 'boolean'.
11.92 src/views/private/Pong/PongTournament4P.vue(355,5): error TS2322: Type 'Timeout' is not assignable to type 'number'.
11.92 src/views/private/Pong/NameInputMenu.vue(174,18): error TS5097: An import path can only end with a '.ts' extension when 'allowImportingTsExtensions' is enabled.
11.92 src/views/private/Pong/NameInputMenu.vue(182,7): error TS2322: Type 'Ref<boolean, boolean>' is not assignable to type 'boolean'.
11.92 src/views/private/Pong/NameInputMenu.vue(226,23): error TS2339: Property 'length' does not exist on type 'unknown'.
11.92 src/views/private/Pong/NameInputMenu.vue(303,36): error TS2551: Property 'value' does not exist on type 'boolean'. Did you mean 'valueOf'?
11.92 src/views/private/Pong/NameInputMenu.vue(311,10): error TS2339: Property 'aiDifficulty' does not exist on type '{ gameMode: string; players: any[]; isAudioEnabled: any; }'.
11.92 src/views/private/Pong/NameInputMenu.vue(313,77): error TS2339: Property 'value' does not exist on type 'Element'.
11.92 src/views/private/Pong/NameInputMenu.vue(328,39): error TS2339: Property 'value' does not exist on type 'Element'.
11.92 src/views/private/Pong/PongIndex.vue(8,18): error TS5097: An import path can only end with a '.ts' extension when 'allowImportingTsExtensions' is enabled.
11.92 src/views/private/Pong/PongIndex.vue(131,45): error TS2339: Property 'join' does not exist on type 'unknown'.
11.92 src/views/private/Pong/PongIndex.vue(171,45): error TS2339: Property 'join' does not exist on type 'unknown'.
11.92 src/views/private/Pong/PongIndex.vue(202,45): error TS2339: Property 'join' does not exist on type 'unknown'.
11.92 src/views/private/Pong/PongIndex.vue(228,45): error TS2339: Property 'join' does not exist on type 'unknown'.
11.92 src/views/private/FriendList.vue(129,42): error TS2339: Property 'friends' does not exist on type 'ApiResponse<Friend[]>'.
11.92 src/router/index.ts(16,29): error TS1343: The 'import.meta' meta-property is only allowed when the '--module' option is 'es2020', 'es2022', 'esnext', 'system', 'node16', or 'nodenext'.
11.92 src/types/vue.d.ts(1,17): error TS2307: Cannot find module './utils/Api/Api' or its corresponding type declarations.
11.92 src/types/vue.d.ts(2,20): error TS2307: Cannot find module './utils/socket/imp/socket' or its corresponding type declarations.